{"name":"Log","hostname":"LAPTOP-ACR9FFUP","pid":11460,"level":30,"msg":"Creating table: posts ","time":"2018-11-03T21:26:00.120Z","v":0}
{"name":"Log","hostname":"LAPTOP-ACR9FFUP","pid":11460,"level":30,"msg":"Creating table: users ","time":"2018-11-03T21:26:00.133Z","v":0}
{"name":"Log","hostname":"LAPTOP-ACR9FFUP","pid":11460,"level":30,"msg":"Creating table: posts_authors ","time":"2018-11-03T21:26:00.150Z","v":0}
{"name":"Log","hostname":"LAPTOP-ACR9FFUP","pid":11460,"level":30,"msg":"Creating table: roles ","time":"2018-11-03T21:26:00.157Z","v":0}
{"name":"Log","hostname":"LAPTOP-ACR9FFUP","pid":11460,"level":30,"msg":"Creating table: roles_users ","time":"2018-11-03T21:26:00.172Z","v":0}
{"name":"Log","hostname":"LAPTOP-ACR9FFUP","pid":11460,"level":30,"msg":"Creating table: permissions ","time":"2018-11-03T21:26:00.178Z","v":0}
{"name":"Log","hostname":"LAPTOP-ACR9FFUP","pid":11460,"level":30,"msg":"Creating table: permissions_users ","time":"2018-11-03T21:26:00.191Z","v":0}
{"name":"Log","hostname":"LAPTOP-ACR9FFUP","pid":11460,"level":30,"msg":"Creating table: permissions_roles ","time":"2018-11-03T21:26:00.199Z","v":0}
{"name":"Log","hostname":"LAPTOP-ACR9FFUP","pid":11460,"level":30,"msg":"Creating table: permissions_apps ","time":"2018-11-03T21:26:00.206Z","v":0}
{"name":"Log","hostname":"LAPTOP-ACR9FFUP","pid":11460,"level":30,"msg":"Creating table: settings ","time":"2018-11-03T21:26:00.213Z","v":0}
{"name":"Log","hostname":"LAPTOP-ACR9FFUP","pid":11460,"level":30,"msg":"Creating table: tags ","time":"2018-11-03T21:26:00.227Z","v":0}
{"name":"Log","hostname":"LAPTOP-ACR9FFUP","pid":11460,"level":30,"msg":"Creating table: posts_tags ","time":"2018-11-03T21:26:00.242Z","v":0}
{"name":"Log","hostname":"LAPTOP-ACR9FFUP","pid":11460,"level":30,"msg":"Creating table: apps ","time":"2018-11-03T21:26:00.251Z","v":0}
{"name":"Log","hostname":"LAPTOP-ACR9FFUP","pid":11460,"level":30,"msg":"Creating table: app_settings ","time":"2018-11-03T21:26:00.271Z","v":0}
{"name":"Log","hostname":"LAPTOP-ACR9FFUP","pid":11460,"level":30,"msg":"Creating table: app_fields ","time":"2018-11-03T21:26:00.288Z","v":0}
{"name":"Log","hostname":"LAPTOP-ACR9FFUP","pid":11460,"level":30,"msg":"Creating table: clients ","time":"2018-11-03T21:26:00.297Z","v":0}
{"name":"Log","hostname":"LAPTOP-ACR9FFUP","pid":11460,"level":30,"msg":"Creating table: client_trusted_domains ","time":"2018-11-03T21:26:00.317Z","v":0}
{"name":"Log","hostname":"LAPTOP-ACR9FFUP","pid":11460,"level":30,"msg":"Creating table: accesstokens ","time":"2018-11-03T21:26:00.324Z","v":0}
{"name":"Log","hostname":"LAPTOP-ACR9FFUP","pid":11460,"level":30,"msg":"Creating table: refreshtokens ","time":"2018-11-03T21:26:00.335Z","v":0}
{"name":"Log","hostname":"LAPTOP-ACR9FFUP","pid":11460,"level":30,"msg":"Creating table: subscribers ","time":"2018-11-03T21:26:00.346Z","v":0}
{"name":"Log","hostname":"LAPTOP-ACR9FFUP","pid":11460,"level":30,"msg":"Creating table: invites ","time":"2018-11-03T21:26:00.357Z","v":0}
{"name":"Log","hostname":"LAPTOP-ACR9FFUP","pid":11460,"level":30,"msg":"Creating table: brute ","time":"2018-11-03T21:26:00.377Z","v":0}
{"name":"Log","hostname":"LAPTOP-ACR9FFUP","pid":11460,"level":30,"msg":"Creating table: webhooks ","time":"2018-11-03T21:26:00.383Z","v":0}
{"name":"Log","hostname":"LAPTOP-ACR9FFUP","pid":11460,"level":30,"msg":"Creating table: sessions ","time":"2018-11-03T21:26:00.389Z","v":0}
{"name":"Log","hostname":"LAPTOP-ACR9FFUP","pid":11460,"level":30,"msg":"Creating table: integrations ","time":"2018-11-03T21:26:00.401Z","v":0}
{"name":"Log","hostname":"LAPTOP-ACR9FFUP","pid":11460,"level":30,"msg":"Creating table: api_keys ","time":"2018-11-03T21:26:00.418Z","v":0}
{"name":"Log","hostname":"LAPTOP-ACR9FFUP","pid":11460,"level":30,"msg":"Creating table: mobiledoc_revisions ","time":"2018-11-03T21:26:00.437Z","v":0}
{"name":"Log","hostname":"LAPTOP-ACR9FFUP","pid":11460,"level":30,"msg":"Model: Tag ","time":"2018-11-03T21:26:00.470Z","v":0}
{"name":"Log","hostname":"LAPTOP-ACR9FFUP","pid":11460,"level":30,"msg":"Model: Client ","time":"2018-11-03T21:26:00.522Z","v":0}
{"name":"Log","hostname":"LAPTOP-ACR9FFUP","pid":11460,"level":30,"msg":"Model: Role ","time":"2018-11-03T21:26:00.542Z","v":0}
{"name":"Log","hostname":"LAPTOP-ACR9FFUP","pid":11460,"level":30,"msg":"Model: Permission ","time":"2018-11-03T21:26:00.572Z","v":0}
{"name":"Log","hostname":"LAPTOP-ACR9FFUP","pid":11460,"level":30,"msg":"Model: User ","time":"2018-11-03T21:26:00.860Z","v":0}
{"name":"Log","hostname":"LAPTOP-ACR9FFUP","pid":11460,"level":30,"msg":"Model: Post ","time":"2018-11-03T21:26:01.828Z","v":0}
{"name":"Log","hostname":"LAPTOP-ACR9FFUP","pid":11460,"level":30,"msg":"Relation: Role to Permission ","time":"2018-11-03T21:26:02.057Z","v":0}
{"name":"Log","hostname":"LAPTOP-ACR9FFUP","pid":11460,"level":30,"msg":"Relation: Post to Tag ","time":"2018-11-03T21:26:02.232Z","v":0}
{"name":"Log","hostname":"LAPTOP-ACR9FFUP","pid":11460,"level":30,"msg":"Relation: User to Role ","time":"2018-11-03T21:26:02.260Z","v":0}
{"name":"Log","hostname":"LAPTOP-ACR9FFUP","pid":11460,"level":40,"msg":"Theme's file locales/en.json not found. ","time":"2018-11-03T21:26:03.259Z","v":0}
{"name":"Log","hostname":"LAPTOP-ACR9FFUP","pid":11460,"level":30,"msg":"Ghost is running in development... ","time":"2018-11-03T21:26:03.899Z","v":0}
{"name":"Log","hostname":"LAPTOP-ACR9FFUP","pid":11460,"level":30,"msg":"Listening on: 127.0.0.1:2368 ","time":"2018-11-03T21:26:03.901Z","v":0}
{"name":"Log","hostname":"LAPTOP-ACR9FFUP","pid":11460,"level":30,"msg":"Url configured as: http://localhost:2368/ ","time":"2018-11-03T21:26:03.902Z","v":0}
{"name":"Log","hostname":"LAPTOP-ACR9FFUP","pid":11460,"level":30,"msg":"Ctrl+C to shut down ","time":"2018-11-03T21:26:03.902Z","v":0}
{"name":"Log","hostname":"LAPTOP-ACR9FFUP","pid":11460,"level":30,"msg":"Ghost boot 5.455s ","time":"2018-11-03T21:26:03.903Z","v":0}
{"name":"Log","hostname":"LAPTOP-ACR9FFUP","pid":11460,"level":30,"req":{"meta":{"requestId":"2b4a7190-dfaf-11e8-a36e-cdd85b302c43","userId":null},"url":"/","method":"GET","originalUrl":"/","params":{},"headers":{"host":"localhost:2368","user-agent":"Mozilla/5.0 (Windows NT 10.0; Win64; x64; rv:64.0) Gecko/20100101 Firefox/64.0","accept":"text/html,application/xhtml+xml,application/xml;q=0.9,*/*;q=0.8","accept-language":"en-US,en;q=0.5","accept-encoding":"gzip, deflate","connection":"keep-alive","upgrade-insecure-requests":"1"},"body":{},"query":{}},"res":{"_headers":{"x-powered-by":"Express","cache-control":"public, max-age=0","content-type":"text/html; charset=utf-8","etag":"W/\"43e1-tF+4Q2Jo2cc7NiBFRsEaG3lhkRs\"","vary":"Accept-Encoding","content-encoding":"gzip"},"statusCode":200,"responseTime":"407ms"},"msg":"","time":"2018-11-03T21:26:47.749Z","v":0}
{"name":"Log","hostname":"LAPTOP-ACR9FFUP","pid":11460,"level":30,"req":{"meta":{"requestId":"2b8fdf00-dfaf-11e8-a36e-cdd85b302c43","userId":null},"url":"/assets/built/screen.css?v=69ea16e7e6","method":"GET","originalUrl":"/assets/built/screen.css?v=69ea16e7e6","params":{},"headers":{"host":"localhost:2368","user-agent":"Mozilla/5.0 (Windows NT 10.0; Win64; x64; rv:64.0) Gecko/20100101 Firefox/64.0","accept":"text/css,*/*;q=0.1","accept-language":"en-US,en;q=0.5","accept-encoding":"gzip, deflate","referer":"http://localhost:2368/","connection":"keep-alive"},"body":{},"query":{"v":"69ea16e7e6"}},"res":{"_headers":{"x-powered-by":"Express","accept-ranges":"bytes","cache-control":"public, max-age=0","last-modified":"Tue, 30 Oct 2018 12:26:40 GMT","etag":"W/\"8b71-166c4f0b000\"","content-type":"text/css; charset=UTF-8","vary":"Accept-Encoding","content-encoding":"gzip"},"statusCode":200,"responseTime":"16ms"},"msg":"","time":"2018-11-03T21:26:47.810Z","v":0}
{"name":"Log","hostname":"LAPTOP-ACR9FFUP","pid":11460,"level":30,"req":{"meta":{"requestId":"2b90c960-dfaf-11e8-a36e-cdd85b302c43","userId":null},"url":"/public/ghost-sdk.js?v=69ea16e7e6","method":"GET","originalUrl":"/public/ghost-sdk.js?v=69ea16e7e6","params":{},"headers":{"host":"localhost:2368","user-agent":"Mozilla/5.0 (Windows NT 10.0; Win64; x64; rv:64.0) Gecko/20100101 Firefox/64.0","accept":"*/*","accept-language":"en-US,en;q=0.5","accept-encoding":"gzip, deflate","referer":"http://localhost:2368/","connection":"keep-alive"},"body":{},"query":{"v":"69ea16e7e6"}},"res":{"_headers":{"x-powered-by":"Express","content-type":"application/javascript","etag":"\"785f5207df86e9cb539f837eb7a5c2d2\"","cache-control":"public, max-age=3600","vary":"Accept-Encoding","content-encoding":"gzip"},"statusCode":200,"responseTime":"14ms"},"msg":"","time":"2018-11-03T21:26:47.815Z","v":0}
{"name":"Log","hostname":"LAPTOP-ACR9FFUP","pid":11460,"level":30,"req":{"meta":{"requestId":"2b95f980-dfaf-11e8-a36e-cdd85b302c43","userId":null},"url":"/assets/built/jquery.fitvids.js?v=69ea16e7e6","method":"GET","originalUrl":"/assets/built/jquery.fitvids.js?v=69ea16e7e6","params":{},"headers":{"host":"localhost:2368","user-agent":"Mozilla/5.0 (Windows NT 10.0; Win64; x64; rv:64.0) Gecko/20100101 Firefox/64.0","accept":"*/*","accept-language":"en-US,en;q=0.5","accept-encoding":"gzip, deflate","referer":"http://localhost:2368/","connection":"keep-alive"},"body":{},"query":{"v":"69ea16e7e6"}},"res":{"_headers":{"x-powered-by":"Express","accept-ranges":"bytes","cache-control":"public, max-age=0","last-modified":"Tue, 30 Oct 2018 12:26:40 GMT","etag":"W/\"778-166c4f0b000\"","content-type":"application/javascript; charset=UTF-8","vary":"Accept-Encoding","content-encoding":"gzip"},"statusCode":200,"responseTime":"7ms"},"msg":"","time":"2018-11-03T21:26:47.840Z","v":0}
{"name":"Log","hostname":"LAPTOP-ACR9FFUP","pid":11460,"level":30,"req":{"meta":{"requestId":"2b962090-dfaf-11e8-a36e-cdd85b302c43","userId":null},"url":"/assets/built/infinitescroll.js?v=69ea16e7e6","method":"GET","originalUrl":"/assets/built/infinitescroll.js?v=69ea16e7e6","params":{},"headers":{"host":"localhost:2368","user-agent":"Mozilla/5.0 (Windows NT 10.0; Win64; x64; rv:64.0) Gecko/20100101 Firefox/64.0","accept":"*/*","accept-language":"en-US,en;q=0.5","accept-encoding":"gzip, deflate","referer":"http://localhost:2368/","connection":"keep-alive"},"body":{},"query":{"v":"69ea16e7e6"}},"res":{"_headers":{"x-powered-by":"Express","accept-ranges":"bytes","cache-control":"public, max-age=0","last-modified":"Tue, 30 Oct 2018 12:26:40 GMT","etag":"W/\"441-166c4f0b000\"","content-type":"application/javascript; charset=UTF-8","vary":"Accept-Encoding","content-encoding":"gzip"},"statusCode":200,"responseTime":"9ms"},"msg":"","time":"2018-11-03T21:26:47.843Z","v":0}
{"name":"Log","hostname":"LAPTOP-ACR9FFUP","pid":11460,"level":30,"req":{"meta":{"requestId":"2bff42a0-dfaf-11e8-a36e-cdd85b302c43","userId":null},"url":"/favicon.ico","method":"GET","originalUrl":"/favicon.ico","params":{},"headers":{"host":"localhost:2368","user-agent":"Mozilla/5.0 (Windows NT 10.0; Win64; x64; rv:64.0) Gecko/20100101 Firefox/64.0","accept":"text/html,application/xhtml+xml,application/xml;q=0.9,*/*;q=0.8","accept-language":"en-US,en;q=0.5","accept-encoding":"gzip, deflate","connection":"keep-alive"},"body":{},"query":{}},"res":{"_headers":{"x-powered-by":"Express"},"statusCode":200,"responseTime":"2ms"},"msg":"","time":"2018-11-03T21:26:48.526Z","v":0}
